[222月2026 15:46:45.836] [main/INFO] [cpw.mods.modlauncher.Launcher/MODLAUNCHER]: ModLauncher running: args [--launchTarget, forgeclientdev, --version, 21.1.219, --assetIndex, 17, --assetsDir, E:\\gradle_home\\caches\\neoformruntime\\assets, --gameDir, ., --fml.fmlVersion, 4.0.42, --fml.mcVersion, 1.21.1, --fml.neoForgeVersion, 21.1.219, --fml.neoFormVersion, 20240808.144430, --username, DevPlayer2]
[222月2026 15:46:45.849] [main/INFO] [cpw.mods.modlauncher.Launcher/MODLAUNCHER]: JVM identified as Eclipse Adoptium OpenJDK 64-Bit Server VM 21.0.9+10-LTS
[222月2026 15:46:45.857] [main/INFO] [cpw.mods.modlauncher.Launcher/MODLAUNCHER]: ModLauncher 11.0.5+main.901c6ea8 starting: java version 21.0.9 by Eclipse Adoptium; OS Windows 10 arch amd64 version 10.0
[222月2026 15:46:46.367] [main/INFO] [net.neoforged.fml.loading.ImmediateWindowHandler/]: Loading ImmediateWindowProvider fmlearlywindow
[222月2026 15:46:46.772] [main/INFO] [EARLYDISPLAY/]: Trying GL version 4.6
[222月2026 15:46:46.964] [main/INFO] [EARLYDISPLAY/]: Requested GL version 4.6 got version 4.6
[222月2026 15:46:47.267] [main/INFO] [mixin/]: SpongePowered MIXIN Subsystem Version=0.8.7 Source=union:/E:/gradle_home/caches/modules-2/files-2.1/net.fabricmc/sponge-mixin/0.15.2+mixin.0.8.7/2af2f021d8e02a0220dc27a7a72b4666d66d44ca/sponge-mixin-0.15.2+mixin.0.8.7.jar%23138!/ Service=ModLauncher Env=CLIENT
[222月2026 15:46:49.397] [main/INFO] [net.neoforged.fml.loading.moddiscovery.locators.JarInJarDependencyLocator/]: Found 2 dependencies adding them to mods collection
[222月2026 15:46:49.402] [main/INFO] [net.neoforged.fml.loading.moddiscovery.ModDiscoverer/]: 
     Mod List:
		Name Version (Mod Id)

		AppleSkin 3.0.5+mc1.21 (appleskin)
		Architectury 13.0.8 (architectury)
		CallOfWar 1.0.0 (callofwar)
		FTB Library 2101.1.29 (ftblibrary)
		FTB Teams 2101.1.8 (ftbteams)
		GeckoLib 4 4.8.3 (geckolib)
		Jade 15.10.0+neoforge (jade)
		Just Enough Items 19.21.1.308 (jei)
		Minecraft 1.21.1 (minecraft)
		NeoForge 21.1.219 (neoforge)
[222月2026 15:46:49.835] [pool-2-thread-1/INFO] [EARLYDISPLAY/]: GL info: AMD Radeon(TM) RX Vega 10 Graphics  GL version 4.6.0 Core Profile Context 24.9.1.240813, ATI Technologies Inc.
[222月2026 15:46:53.167] [main/INFO] [mixin/]: Compatibility level set to JAVA_21
[222月2026 15:46:53.484] [main/INFO] [cpw.mods.modlauncher.LaunchServiceHandler/MODLAUNCHER]: Launching target 'forgeclientdev' with arguments [--version, 21.1.219, --gameDir, ., --assetsDir, E:\gradle_home\caches\neoformruntime\assets, --assetIndex, 17, --username, DevPlayer2]
[222月2026 15:46:53.899] [main/WARN] [mixin/]: Reference map 'geckolib.refmap.json' for geckolib.mixins.json could not be read. If this is a development environment you can ignore this message
[222月2026 15:46:55.914] [main/INFO] [MixinExtras|Service/]: Initializing MixinExtras via com.llamalad7.mixinextras.service.MixinExtrasServiceImpl(version=0.5.0).
[222月2026 15:47:01.507] [main/WARN] [oshi.util.platform.windows.PerfDataUtil/]: Failed to update counter. Error code: 0x800007D5
[222月2026 15:47:01.508] [main/WARN] [oshi.util.platform.windows.PerfCounterQuery/]: Disabling further attempts to query Paging File.
[222月2026 15:47:01.536] [Datafixer Bootstrap/INFO] [com.mojang.datafixers.DataFixerBuilder/]: 229 Datafixer optimizations took 1648 milliseconds
[222月2026 15:47:20.722] [main/WARN] [net.minecraft.commands.Commands/]: Ambiguity between arguments [teleport, location] and [teleport, destination] with inputs: [0.1 -0.5 .9, 0 0 0]
[222月2026 15:47:20.728] [main/WARN] [net.minecraft.commands.Commands/]: Ambiguity between arguments [teleport, location] and [teleport, targets] with inputs: [0.1 -0.5 .9, 0 0 0]
[222月2026 15:47:20.735] [main/WARN] [net.minecraft.commands.Commands/]: Ambiguity between arguments [teleport, destination] and [teleport, targets] with inputs: [Player, 0123, @e, dd12be42-52a9-4a91-a8a1-11c01849e498]
[222月2026 15:47:20.741] [main/WARN] [net.minecraft.commands.Commands/]: Ambiguity between arguments [teleport, targets] and [teleport, destination] with inputs: [Player, 0123, dd12be42-52a9-4a91-a8a1-11c01849e498]
[222月2026 15:47:20.745] [main/WARN] [net.minecraft.commands.Commands/]: Ambiguity between arguments [teleport, targets, location] and [teleport, targets, destination] with inputs: [0.1 -0.5 .9, 0 0 0]
[222月2026 15:47:21.080] [Render thread/WARN] [net.minecraft.server.packs.VanillaPackResourcesBuilder/]: Assets URL 'union:/E:/git%20home/callofwar-1.21.1/build/moddev/artifacts/neoforge-21.1.219.jar%23189!/assets/.mcassetsroot' uses unexpected schema
[222月2026 15:47:21.080] [Render thread/WARN] [net.minecraft.server.packs.VanillaPackResourcesBuilder/]: Assets URL 'union:/E:/git%20home/callofwar-1.21.1/build/moddev/artifacts/neoforge-21.1.219.jar%23189!/data/.mcassetsroot' uses unexpected schema
[222月2026 15:47:21.143] [Render thread/INFO] [com.mojang.authlib.yggdrasil.YggdrasilAuthenticationService/]: Environment: Environment[sessionHost=https://sessionserver.mojang.com, servicesHost=https://api.minecraftservices.com, name=PROD]
[222月2026 15:47:21.165] [Render thread/INFO] [net.minecraft.client.Minecraft/]: Setting user: DevPlayer2
[222月2026 15:47:21.396] [Render thread/INFO] [net.minecraft.client.Minecraft/]: Backend library: LWJGL version 3.3.3+5
[222月2026 15:47:22.498] [modloading-worker-0/INFO] [com.ice_berry.callofwar.CallOfWar/]: Registered BannerType: callofwar:speed_banner
[222月2026 15:47:22.499] [modloading-worker-0/INFO] [com.ice_berry.callofwar.CallOfWar/]: Built and registered BannerType: callofwar:speed_banner with 1 effects
[222月2026 15:47:22.501] [modloading-worker-0/INFO] [com.ice_berry.callofwar.CallOfWar/]: Registered BannerType: callofwar:strength_banner
[222月2026 15:47:22.501] [modloading-worker-0/INFO] [net.neoforged.neoforge.common.NeoForgeMod/NEOFORGE-MOD]: NeoForge mod loading, version 21.1.219, for MC 1.21.1
[222月2026 15:47:22.501] [modloading-worker-0/INFO] [com.ice_berry.callofwar.CallOfWar/]: Built and registered BannerType: callofwar:strength_banner with 1 effects
[222月2026 15:47:22.502] [modloading-worker-0/INFO] [com.ice_berry.callofwar.CallOfWar/]: Registered BannerType: callofwar:resistance_banner
[222月2026 15:47:22.502] [modloading-worker-0/INFO] [com.ice_berry.callofwar.CallOfWar/]: Built and registered BannerType: callofwar:resistance_banner with 1 effects
[222月2026 15:47:22.812] [modloading-worker-0/INFO] [mezz.jei.library.load.PluginCaller/]: Sending ConfigManager...
[222月2026 15:47:22.823] [modloading-worker-0/INFO] [mezz.jei.library.load.PluginCaller/]: Sending ConfigManager took 7.640 ms
[222月2026 15:47:24.508] [Render thread/INFO] [net.neoforged.neoforge.gametest.GameTestHooks/]: Enabled Gametest Namespaces: [callofwar]
[222月2026 15:47:24.904] [Render thread/INFO] [net.minecraft.server.packs.resources.ReloadableResourceManager/]: Reloading ResourceManager: vanilla, mod_resources, mod/callofwar, mod/jade, mod/geckolib, mod/appleskin, mod/architectury, mod/ftblibrary, mod/ftbteams, mod/neoforge, mod/jei
[222月2026 15:47:25.530] [Worker-Main-4/INFO] [net.minecraft.client.gui.font.providers.UnihexProvider/]: Found unifont_all_no_pua-15.1.05.hex, loading
[222月2026 15:47:26.020] [Worker-Main-4/INFO] [net.minecraft.client.gui.font.providers.UnihexProvider/]: Found unifont_jp_patch-15.1.05.hex, loading
[222月2026 15:47:26.174] [Worker-Main-6/INFO] [com.ice_berry.callofwar.CallOfWar/]: HELLO FROM CLIENT SETUP
[222月2026 15:47:26.174] [Worker-Main-6/INFO] [com.ice_berry.callofwar.CallOfWar/]: MINECRAFT NAME >> DevPlayer2
[222月2026 15:47:27.099] [Worker-Main-3/WARN] [net.minecraft.client.resources.model.BlockStateModelLoader/]: Exception loading blockstate definition: 'callofwar:blockstates/speed_banner.json' missing model for variant: 'callofwar:speed_banner#rotation=13'
[222月2026 15:47:27.100] [Worker-Main-3/WARN] [net.minecraft.client.resources.model.BlockStateModelLoader/]: Exception loading blockstate definition: 'callofwar:blockstates/speed_banner.json' missing model for variant: 'callofwar:speed_banner#rotation=14'
[222月2026 15:47:27.100] [Worker-Main-3/WARN] [net.minecraft.client.resources.model.BlockStateModelLoader/]: Exception loading blockstate definition: 'callofwar:blockstates/speed_banner.json' missing model for variant: 'callofwar:speed_banner#rotation=15'
[222月2026 15:47:27.100] [Worker-Main-3/WARN] [net.minecraft.client.resources.model.BlockStateModelLoader/]: Exception loading blockstate definition: 'callofwar:blockstates/speed_banner.json' missing model for variant: 'callofwar:speed_banner#rotation=0'
[222月2026 15:47:27.100] [Worker-Main-3/WARN] [net.minecraft.client.resources.model.BlockStateModelLoader/]: Exception loading blockstate definition: 'callofwar:blockstates/speed_banner.json' missing model for variant: 'callofwar:speed_banner#rotation=1'
[222月2026 15:47:27.100] [Worker-Main-3/WARN] [net.minecraft.client.resources.model.BlockStateModelLoader/]: Exception loading blockstate definition: 'callofwar:blockstates/speed_banner.json' missing model for variant: 'callofwar:speed_banner#rotation=2'
[222月2026 15:47:27.101] [Worker-Main-3/WARN] [net.minecraft.client.resources.model.BlockStateModelLoader/]: Exception loading blockstate definition: 'callofwar:blockstates/speed_banner.json' missing model for variant: 'callofwar:speed_banner#rotation=3'
[222月2026 15:47:27.101] [Worker-Main-3/WARN] [net.minecraft.client.resources.model.BlockStateModelLoader/]: Exception loading blockstate definition: 'callofwar:blockstates/speed_banner.json' missing model for variant: 'callofwar:speed_banner#rotation=4'
[222月2026 15:47:27.101] [Worker-Main-3/WARN] [net.minecraft.client.resources.model.BlockStateModelLoader/]: Exception loading blockstate definition: 'callofwar:blockstates/speed_banner.json' missing model for variant: 'callofwar:speed_banner#rotation=5'
[222月2026 15:47:27.101] [Worker-Main-3/WARN] [net.minecraft.client.resources.model.BlockStateModelLoader/]: Exception loading blockstate definition: 'callofwar:blockstates/speed_banner.json' missing model for variant: 'callofwar:speed_banner#rotation=6'
[222月2026 15:47:27.101] [Worker-Main-3/WARN] [net.minecraft.client.resources.model.BlockStateModelLoader/]: Exception loading blockstate definition: 'callofwar:blockstates/speed_banner.json' missing model for variant: 'callofwar:speed_banner#rotation=7'
[222月2026 15:47:27.101] [Worker-Main-3/WARN] [net.minecraft.client.resources.model.BlockStateModelLoader/]: Exception loading blockstate definition: 'callofwar:blockstates/speed_banner.json' missing model for variant: 'callofwar:speed_banner#rotation=8'
[222月2026 15:47:27.101] [Worker-Main-3/WARN] [net.minecraft.client.resources.model.BlockStateModelLoader/]: Exception loading blockstate definition: 'callofwar:blockstates/speed_banner.json' missing model for variant: 'callofwar:speed_banner#rotation=9'
[222月2026 15:47:27.101] [Worker-Main-3/WARN] [net.minecraft.client.resources.model.BlockStateModelLoader/]: Exception loading blockstate definition: 'callofwar:blockstates/speed_banner.json' missing model for variant: 'callofwar:speed_banner#rotation=10'
[222月2026 15:47:27.101] [Worker-Main-3/WARN] [net.minecraft.client.resources.model.BlockStateModelLoader/]: Exception loading blockstate definition: 'callofwar:blockstates/speed_banner.json' missing model for variant: 'callofwar:speed_banner#rotation=11'
[222月2026 15:47:27.101] [Worker-Main-3/WARN] [net.minecraft.client.resources.model.BlockStateModelLoader/]: Exception loading blockstate definition: 'callofwar:blockstates/speed_banner.json' missing model for variant: 'callofwar:speed_banner#rotation=12'
[222月2026 15:47:27.101] [Worker-Main-3/WARN] [net.minecraft.client.resources.model.BlockStateModelLoader/]: Exception loading blockstate definition: 'callofwar:blockstates/strength_banner.json' missing model for variant: 'callofwar:strength_banner#rotation=8'
[222月2026 15:47:27.102] [Worker-Main-3/WARN] [net.minecraft.client.resources.model.BlockStateModelLoader/]: Exception loading blockstate definition: 'callofwar:blockstates/strength_banner.json' missing model for variant: 'callofwar:strength_banner#rotation=9'
[222月2026 15:47:27.102] [Worker-Main-3/WARN] [net.minecraft.client.resources.model.BlockStateModelLoader/]: Exception loading blockstate definition: 'callofwar:blockstates/strength_banner.json' missing model for variant: 'callofwar:strength_banner#rotation=6'
[222月2026 15:47:27.102] [Worker-Main-3/WARN] [net.minecraft.client.resources.model.BlockStateModelLoader/]: Exception loading blockstate definition: 'callofwar:blockstates/strength_banner.json' missing model for variant: 'callofwar:strength_banner#rotation=7'
[222月2026 15:47:27.102] [Worker-Main-3/WARN] [net.minecraft.client.resources.model.BlockStateModelLoader/]: Exception loading blockstate definition: 'callofwar:blockstates/strength_banner.json' missing model for variant: 'callofwar:strength_banner#rotation=10'
[222月2026 15:47:27.102] [Worker-Main-3/WARN] [net.minecraft.client.resources.model.BlockStateModelLoader/]: Exception loading blockstate definition: 'callofwar:blockstates/strength_banner.json' missing model for variant: 'callofwar:strength_banner#rotation=12'
[222月2026 15:47:27.103] [Worker-Main-3/WARN] [net.minecraft.client.resources.model.BlockStateModelLoader/]: Exception loading blockstate definition: 'callofwar:blockstates/strength_banner.json' missing model for variant: 'callofwar:strength_banner#rotation=11'
[222月2026 15:47:27.103] [Worker-Main-3/WARN] [net.minecraft.client.resources.model.BlockStateModelLoader/]: Exception loading blockstate definition: 'callofwar:blockstates/strength_banner.json' missing model for variant: 'callofwar:strength_banner#rotation=14'
[222月2026 15:47:27.103] [Worker-Main-3/WARN] [net.minecraft.client.resources.model.BlockStateModelLoader/]: Exception loading blockstate definition: 'callofwar:blockstates/strength_banner.json' missing model for variant: 'callofwar:strength_banner#rotation=13'
[222月2026 15:47:27.103] [Worker-Main-3/WARN] [net.minecraft.client.resources.model.BlockStateModelLoader/]: Exception loading blockstate definition: 'callofwar:blockstates/strength_banner.json' missing model for variant: 'callofwar:strength_banner#rotation=15'
[222月2026 15:47:27.103] [Worker-Main-3/WARN] [net.minecraft.client.resources.model.BlockStateModelLoader/]: Exception loading blockstate definition: 'callofwar:blockstates/strength_banner.json' missing model for variant: 'callofwar:strength_banner#rotation=0'
[222月2026 15:47:27.104] [Worker-Main-3/WARN] [net.minecraft.client.resources.model.BlockStateModelLoader/]: Exception loading blockstate definition: 'callofwar:blockstates/strength_banner.json' missing model for variant: 'callofwar:strength_banner#rotation=1'
[222月2026 15:47:27.104] [Worker-Main-3/WARN] [net.minecraft.client.resources.model.BlockStateModelLoader/]: Exception loading blockstate definition: 'callofwar:blockstates/strength_banner.json' missing model for variant: 'callofwar:strength_banner#rotation=4'
[222月2026 15:47:27.104] [Worker-Main-3/WARN] [net.minecraft.client.resources.model.BlockStateModelLoader/]: Exception loading blockstate definition: 'callofwar:blockstates/strength_banner.json' missing model for variant: 'callofwar:strength_banner#rotation=5'
[222月2026 15:47:27.104] [Worker-Main-3/WARN] [net.minecraft.client.resources.model.BlockStateModelLoader/]: Exception loading blockstate definition: 'callofwar:blockstates/strength_banner.json' missing model for variant: 'callofwar:strength_banner#rotation=2'
[222月2026 15:47:27.104] [Worker-Main-3/WARN] [net.minecraft.client.resources.model.BlockStateModelLoader/]: Exception loading blockstate definition: 'callofwar:blockstates/strength_banner.json' missing model for variant: 'callofwar:strength_banner#rotation=3'
[222月2026 15:47:27.104] [Worker-Main-3/WARN] [net.minecraft.client.resources.model.BlockStateModelLoader/]: Exception loading blockstate definition: 'callofwar:blockstates/resistance_banner.json' missing model for variant: 'callofwar:resistance_banner#rotation=11'
[222月2026 15:47:27.104] [Worker-Main-3/WARN] [net.minecraft.client.resources.model.BlockStateModelLoader/]: Exception loading blockstate definition: 'callofwar:blockstates/resistance_banner.json' missing model for variant: 'callofwar:resistance_banner#rotation=12'
[222月2026 15:47:27.104] [Worker-Main-3/WARN] [net.minecraft.client.resources.model.BlockStateModelLoader/]: Exception loading blockstate definition: 'callofwar:blockstates/resistance_banner.json' missing model for variant: 'callofwar:resistance_banner#rotation=13'
[222月2026 15:47:27.104] [Worker-Main-3/WARN] [net.minecraft.client.resources.model.BlockStateModelLoader/]: Exception loading blockstate definition: 'callofwar:blockstates/resistance_banner.json' missing model for variant: 'callofwar:resistance_banner#rotation=14'
[222月2026 15:47:27.104] [Worker-Main-3/WARN] [net.minecraft.client.resources.model.BlockStateModelLoader/]: Exception loading blockstate definition: 'callofwar:blockstates/resistance_banner.json' missing model for variant: 'callofwar:resistance_banner#rotation=15'
[222月2026 15:47:27.104] [Worker-Main-3/WARN] [net.minecraft.client.resources.model.BlockStateModelLoader/]: Exception loading blockstate definition: 'callofwar:blockstates/resistance_banner.json' missing model for variant: 'callofwar:resistance_banner#rotation=6'
[222月2026 15:47:27.104] [Worker-Main-3/WARN] [net.minecraft.client.resources.model.BlockStateModelLoader/]: Exception loading blockstate definition: 'callofwar:blockstates/resistance_banner.json' missing model for variant: 'callofwar:resistance_banner#rotation=7'
[222月2026 15:47:27.104] [Worker-Main-3/WARN] [net.minecraft.client.resources.model.BlockStateModelLoader/]: Exception loading blockstate definition: 'callofwar:blockstates/resistance_banner.json' missing model for variant: 'callofwar:resistance_banner#rotation=8'
[222月2026 15:47:27.105] [Worker-Main-3/WARN] [net.minecraft.client.resources.model.BlockStateModelLoader/]: Exception loading blockstate definition: 'callofwar:blockstates/resistance_banner.json' missing model for variant: 'callofwar:resistance_banner#rotation=9'
[222月2026 15:47:27.105] [Worker-Main-3/WARN] [net.minecraft.client.resources.model.BlockStateModelLoader/]: Exception loading blockstate definition: 'callofwar:blockstates/resistance_banner.json' missing model for variant: 'callofwar:resistance_banner#rotation=10'
[222月2026 15:47:27.105] [Worker-Main-3/WARN] [net.minecraft.client.resources.model.BlockStateModelLoader/]: Exception loading blockstate definition: 'callofwar:blockstates/resistance_banner.json' missing model for variant: 'callofwar:resistance_banner#rotation=0'
[222月2026 15:47:27.105] [Worker-Main-3/WARN] [net.minecraft.client.resources.model.BlockStateModelLoader/]: Exception loading blockstate definition: 'callofwar:blockstates/resistance_banner.json' missing model for variant: 'callofwar:resistance_banner#rotation=1'
[222月2026 15:47:27.105] [Worker-Main-3/WARN] [net.minecraft.client.resources.model.BlockStateModelLoader/]: Exception loading blockstate definition: 'callofwar:blockstates/resistance_banner.json' missing model for variant: 'callofwar:resistance_banner#rotation=2'
[222月2026 15:47:27.105] [Worker-Main-3/WARN] [net.minecraft.client.resources.model.BlockStateModelLoader/]: Exception loading blockstate definition: 'callofwar:blockstates/resistance_banner.json' missing model for variant: 'callofwar:resistance_banner#rotation=3'
[222月2026 15:47:27.105] [Worker-Main-3/WARN] [net.minecraft.client.resources.model.BlockStateModelLoader/]: Exception loading blockstate definition: 'callofwar:blockstates/resistance_banner.json' missing model for variant: 'callofwar:resistance_banner#rotation=4'
[222月2026 15:47:27.105] [Worker-Main-3/WARN] [net.minecraft.client.resources.model.BlockStateModelLoader/]: Exception loading blockstate definition: 'callofwar:blockstates/resistance_banner.json' missing model for variant: 'callofwar:resistance_banner#rotation=5'
[222月2026 15:47:27.124] [Worker-Main-3/WARN] [net.minecraft.client.resources.model.ModelBakery/]: Unable to load model: 'callofwar:item/strength_banner' referenced from: callofwar:item/strength_banner: java.io.FileNotFoundException: callofwar:models/item/strength_banner.json
[222月2026 15:47:27.125] [Worker-Main-3/WARN] [net.minecraft.client.resources.model.ModelBakery/]: Unable to load model: 'callofwar:item/speed_banner' referenced from: callofwar:item/speed_banner: java.io.FileNotFoundException: callofwar:models/item/speed_banner.json
[222月2026 15:47:27.126] [Worker-Main-3/WARN] [net.minecraft.client.resources.model.ModelBakery/]: Unable to load model: 'callofwar:item/resistance_banner' referenced from: callofwar:item/resistance_banner: java.io.FileNotFoundException: callofwar:models/item/resistance_banner.json
[222月2026 15:47:28.530] [Worker-Main-7/INFO] [snownee.jade.Jade/]: Start loading plugin from snownee.jade.addon.vanilla.VanillaPlugin
[222月2026 15:47:28.643] [Worker-Main-7/INFO] [snownee.jade.Jade/]: Bootstrapped plugin from snownee.jade.addon.vanilla.VanillaPlugin in 106.6 ms
[222月2026 15:47:28.663] [Worker-Main-7/INFO] [snownee.jade.Jade/]: Loaded plugin from snownee.jade.addon.vanilla.VanillaPlugin in 126.9 ms
[222月2026 15:47:28.663] [Worker-Main-7/INFO] [snownee.jade.Jade/]: Start loading plugin from snownee.jade.addon.universal.UniversalPlugin
[222月2026 15:47:28.685] [Worker-Main-7/INFO] [snownee.jade.Jade/]: Bootstrapped plugin from snownee.jade.addon.universal.UniversalPlugin in 19.16 ms
[222月2026 15:47:28.686] [Worker-Main-7/INFO] [snownee.jade.Jade/]: Loaded plugin from snownee.jade.addon.universal.UniversalPlugin in 20.32 ms
[222月2026 15:47:28.687] [Worker-Main-7/INFO] [snownee.jade.Jade/]: Start loading plugin from snownee.jade.addon.debug.DebugPlugin
[222月2026 15:47:28.695] [Worker-Main-7/INFO] [snownee.jade.Jade/]: Bootstrapped plugin from snownee.jade.addon.debug.DebugPlugin in 6.117 ms
[222月2026 15:47:28.697] [Worker-Main-7/INFO] [snownee.jade.Jade/]: Loaded plugin from snownee.jade.addon.debug.DebugPlugin in 7.157 ms
[222月2026 15:47:28.697] [Worker-Main-7/INFO] [snownee.jade.Jade/]: Start loading plugin from snownee.jade.addon.core.CorePlugin
[222月2026 15:47:28.709] [Worker-Main-7/INFO] [snownee.jade.Jade/]: Bootstrapped plugin from snownee.jade.addon.core.CorePlugin in 9.759 ms
[222月2026 15:47:28.709] [Worker-Main-7/INFO] [snownee.jade.Jade/]: Loaded plugin from snownee.jade.addon.core.CorePlugin in 10.46 ms
[222月2026 15:47:28.710] [Worker-Main-7/INFO] [snownee.jade.Jade/]: Start loading plugin from snownee.jade.addon.access.AccessibilityPlugin
[222月2026 15:47:28.719] [Worker-Main-7/INFO] [snownee.jade.Jade/]: Bootstrapped plugin from snownee.jade.addon.access.AccessibilityPlugin in 8.200 ms
[222月2026 15:47:28.719] [Worker-Main-7/INFO] [snownee.jade.Jade/]: Loaded plugin from snownee.jade.addon.access.AccessibilityPlugin in 8.755 ms
[222月2026 15:47:29.102] [Render thread/WARN] [net.minecraft.client.sounds.SoundEngine/]: Missing sound for event: minecraft:item.goat_horn.play
[222月2026 15:47:29.103] [Render thread/WARN] [net.minecraft.client.sounds.SoundEngine/]: Missing sound for event: minecraft:entity.goat.screaming.horn_break
[222月2026 15:47:29.187] [Render thread/INFO] [com.mojang.blaze3d.audio.Library/]: OpenAL initialized on device OpenAL Soft on 扬声器 (Realtek High Definition Audio)
[222月2026 15:47:29.188] [Render thread/INFO] [net.minecraft.client.sounds.SoundEngine/SOUNDS]: Sound engine started
[222月2026 15:47:29.421] [Render thread/INFO] [net.minecraft.client.renderer.texture.TextureAtlas/]: Created: 1024x512x4 minecraft:textures/atlas/blocks.png-atlas
[222月2026 15:47:29.442] [Render thread/INFO] [net.minecraft.client.renderer.texture.TextureAtlas/]: Created: 256x256x4 minecraft:textures/atlas/signs.png-atlas
[222月2026 15:47:29.443] [Render thread/INFO] [net.minecraft.client.renderer.texture.TextureAtlas/]: Created: 512x512x4 minecraft:textures/atlas/shield_patterns.png-atlas
[222月2026 15:47:29.444] [Render thread/INFO] [net.minecraft.client.renderer.texture.TextureAtlas/]: Created: 512x512x4 minecraft:textures/atlas/banner_patterns.png-atlas
[222月2026 15:47:29.452] [Render thread/INFO] [net.minecraft.client.renderer.texture.TextureAtlas/]: Created: 1024x1024x4 minecraft:textures/atlas/armor_trims.png-atlas
[222月2026 15:47:29.473] [Render thread/INFO] [net.minecraft.client.renderer.texture.TextureAtlas/]: Created: 256x256x4 minecraft:textures/atlas/chest.png-atlas
[222月2026 15:47:29.473] [Render thread/INFO] [net.minecraft.client.renderer.texture.TextureAtlas/]: Created: 128x64x4 minecraft:textures/atlas/decorated_pot.png-atlas
[222月2026 15:47:29.474] [Render thread/INFO] [net.minecraft.client.renderer.texture.TextureAtlas/]: Created: 512x256x4 minecraft:textures/atlas/shulker_boxes.png-atlas
[222月2026 15:47:29.474] [Render thread/INFO] [net.minecraft.client.renderer.texture.TextureAtlas/]: Created: 512x256x4 minecraft:textures/atlas/beds.png-atlas
[222月2026 15:47:29.887] [Render thread/INFO] [net.minecraft.client.renderer.texture.TextureAtlas/]: Created: 512x256x0 minecraft:textures/atlas/particles.png-atlas
[222月2026 15:47:29.890] [Render thread/INFO] [net.minecraft.client.renderer.texture.TextureAtlas/]: Created: 512x256x0 minecraft:textures/atlas/paintings.png-atlas
[222月2026 15:47:29.891] [Render thread/INFO] [net.minecraft.client.renderer.texture.TextureAtlas/]: Created: 256x128x0 minecraft:textures/atlas/mob_effects.png-atlas
[222月2026 15:47:29.891] [Render thread/INFO] [net.minecraft.client.renderer.texture.TextureAtlas/]: Created: 64x64x0 minecraft:textures/atlas/map_decorations.png-atlas
[222月2026 15:47:29.892] [Render thread/INFO] [net.minecraft.client.renderer.texture.TextureAtlas/]: Created: 1024x512x0 minecraft:textures/atlas/gui.png-atlas
[222月2026 15:47:29.981] [Render thread/WARN] [net.minecraft.client.renderer.ShaderInstance/]: Shader rendertype_entity_translucent_emissive could not find sampler named Sampler2 in the specified shader program.
[222月2026 15:47:30.248] [Render thread/INFO] [net.neoforged.neoforge.client.entity.animation.json.AnimationLoader/]: Loaded 0 entity animations
[222月2026 15:47:30.249] [Render thread/INFO] [net.minecraft.client.renderer.texture.TextureAtlas/]: Created: 256x256x0 jei:textures/atlas/gui.png-atlas
[222月2026 15:49:05.692] [Render thread/INFO] [net.minecraft.world.item.crafting.RecipeManager/]: Loaded 1290 recipes
[222月2026 15:49:06.143] [Render thread/INFO] [net.minecraft.advancements.AdvancementTree/]: Loaded 1399 advancements
[222月2026 15:49:06.978] [Render thread/INFO] [mezz.jei.neoforge.startup.StartEventObserver/]: JEI StartEventObserver received class net.neoforged.neoforge.event.TagsUpdatedEvent too early, ignoring
[222月2026 15:49:06.990] [Render thread/INFO] [snownee.jade.Jade/]: LootTableMineableCollector took 10.06 ms
[222月2026 15:50:07.601] [Render thread/INFO] [net.minecraft.world.item.crafting.RecipeManager/]: Loaded 1290 recipes
[222月2026 15:50:07.769] [Render thread/INFO] [net.minecraft.advancements.AdvancementTree/]: Loaded 1399 advancements
[222月2026 15:50:08.475] [Render thread/INFO] [mezz.jei.neoforge.startup.StartEventObserver/]: JEI StartEventObserver received class net.neoforged.neoforge.event.TagsUpdatedEvent too early, ignoring
[222月2026 15:50:08.479] [Render thread/INFO] [snownee.jade.Jade/]: LootTableMineableCollector took 3.582 ms
[222月2026 15:51:55.033] [Render thread/INFO] [net.minecraft.world.item.crafting.RecipeManager/]: Loaded 1290 recipes
[222月2026 15:51:55.200] [Render thread/INFO] [net.minecraft.advancements.AdvancementTree/]: Loaded 1399 advancements
[222月2026 15:51:55.907] [Render thread/INFO] [mezz.jei.neoforge.startup.StartEventObserver/]: JEI StartEventObserver received class net.neoforged.neoforge.event.TagsUpdatedEvent too early, ignoring
[222月2026 15:51:55.911] [Render thread/INFO] [snownee.jade.Jade/]: LootTableMineableCollector took 3.328 ms
[222月2026 15:52:04.273] [Render thread/INFO] [net.minecraft.client.gui.screens.ConnectScreen/]: Connecting to fdfe:dcba:9876::1, 50145
[222月2026 15:52:05.423] [IO-Worker-1/WARN] [net.minecraft.client.multiplayer.ClientHandshakePacketListenerImpl/]: 登录失败：无效会话（请尝试重启游戏及启动器）
[222月2026 15:52:07.665] [Render thread/INFO] [mezz.jei.neoforge.startup.StartEventObserver/]: JEI StartEventObserver received class net.neoforged.neoforge.event.TagsUpdatedEvent
[222月2026 15:52:08.621] [Render thread/INFO] [mezz.jei.neoforge.startup.StartEventObserver/]: JEI StartEventObserver received class net.neoforged.neoforge.client.event.RecipesUpdatedEvent
[222月2026 15:52:08.621] [Render thread/INFO] [mezz.jei.neoforge.startup.StartEventObserver/]: JEI StartEventObserver transitioning state from LISTENING to JEI_STARTED
[222月2026 15:52:08.623] [Render thread/INFO] [mezz.jei.core.util.LoggedTimer/]: Starting JEI...
[222月2026 15:52:08.642] [Render thread/INFO] [mezz.jei.library.load.PluginCaller/]: Registering item subtypes...
[222月2026 15:52:08.653] [Render thread/INFO] [mezz.jei.library.load.PluginCaller/]: Registering item subtypes took 10.52 ms
[222月2026 15:52:08.653] [Render thread/INFO] [mezz.jei.library.load.PluginCaller/]: Registering fluid subtypes...
[222月2026 15:52:08.656] [Render thread/INFO] [mezz.jei.library.load.PluginCaller/]: Registering fluid subtypes took 2.608 ms
[222月2026 15:52:08.660] [Render thread/INFO] [mezz.jei.library.load.PluginCaller/]: Registering ingredients...
[222月2026 15:52:08.869] [Render thread/WARN] [mezz.jei.library.plugins.vanilla.ingredients.ItemStackListFactory/]: Item Group has no display items and no search tab display items. Items from this group will be missing from the JEI ingredient list. 管理员用品
[222月2026 15:52:08.870] [Render thread/WARN] [mezz.jei.library.plugins.vanilla.ingredients.ItemStackListFactory/]: Item Group has no display items and no search tab display items. Items from this group will be missing from the JEI ingredient list. FTB Suite
[222月2026 15:52:08.892] [Render thread/INFO] [mezz.jei.library.load.PluginCallerTimerRunnable/]: Registering ingredients: jei:minecraft took 230.0 milliseconds
[222月2026 15:52:08.893] [Render thread/INFO] [mezz.jei.library.load.PluginCaller/]: Registering ingredients took 231.6 ms
[222月2026 15:52:08.894] [Render thread/INFO] [mezz.jei.library.load.PluginCaller/]: Registering extra ingredients...
[222月2026 15:52:08.897] [Render thread/INFO] [mezz.jei.library.load.PluginCaller/]: Registering extra ingredients took 2.902 ms
[222月2026 15:52:08.898] [Render thread/INFO] [mezz.jei.library.load.PluginCaller/]: Registering search ingredient aliases...
[222月2026 15:52:08.900] [Render thread/INFO] [mezz.jei.library.load.PluginCaller/]: Registering search ingredient aliases took 1.806 ms
[222月2026 15:52:08.934] [Render thread/INFO] [mezz.jei.library.load.PluginCaller/]: Registering Mod Info...
[222月2026 15:52:08.936] [Render thread/INFO] [mezz.jei.library.load.PluginCaller/]: Registering Mod Info took 1.034 ms
[222月2026 15:52:09.002] [Render thread/INFO] [mezz.jei.library.load.PluginCaller/]: Registering categories...
[222月2026 15:52:09.032] [Render thread/INFO] [mezz.jei.library.load.PluginCallerTimerRunnable/]: Registering categories: jei:minecraft took 29.72 milliseconds
[222月2026 15:52:09.041] [Render thread/INFO] [mezz.jei.library.load.PluginCaller/]: Registering categories took 38.90 ms
[222月2026 15:52:09.043] [Render thread/INFO] [mezz.jei.library.load.PluginCaller/]: Registering vanilla category extensions...
[222月2026 15:52:09.050] [Render thread/INFO] [mezz.jei.library.load.PluginCaller/]: Registering vanilla category extensions took 5.303 ms
[222月2026 15:52:09.051] [Render thread/INFO] [mezz.jei.library.load.PluginCaller/]: Registering recipe catalysts...
[222月2026 15:52:09.054] [Render thread/INFO] [mezz.jei.library.load.PluginCaller/]: Registering recipe catalysts took 2.183 ms
[222月2026 15:52:09.055] [Render thread/INFO] [mezz.jei.core.util.LoggedTimer/]: Building recipe registry...
[222月2026 15:52:09.080] [Render thread/INFO] [mezz.jei.core.util.LoggedTimer/]: Building recipe registry took 24.12 ms
[222月2026 15:52:09.082] [Render thread/INFO] [mezz.jei.library.load.PluginCaller/]: Registering advanced plugins...
[222月2026 15:52:09.084] [Render thread/INFO] [mezz.jei.library.load.PluginCaller/]: Registering advanced plugins took 1.301 ms
[222月2026 15:52:09.085] [Render thread/INFO] [mezz.jei.library.load.PluginCaller/]: Registering recipes...
[222月2026 15:52:09.399] [Render thread/INFO] [mezz.jei.library.load.PluginCallerTimerRunnable/]: Registering recipes: jei:minecraft took 312.1 milliseconds
[222月2026 15:52:09.469] [Render thread/INFO] [mezz.jei.library.load.PluginCallerTimerRunnable/]: Registering recipes: jei:internal took 69.64 milliseconds
[222月2026 15:52:09.470] [Render thread/INFO] [mezz.jei.library.load.PluginCaller/]: Registering recipes took 383.7 ms
[222月2026 15:52:09.484] [Render thread/INFO] [mezz.jei.library.load.PluginCaller/]: Registering recipes transfer handlers...
[222月2026 15:52:09.489] [Render thread/INFO] [mezz.jei.library.load.PluginCaller/]: Registering recipes transfer handlers took 5.095 ms
[222月2026 15:52:09.497] [Render thread/INFO] [mezz.jei.core.util.LoggedTimer/]: Building runtime...
[222月2026 15:52:09.505] [Render thread/INFO] [mezz.jei.library.load.PluginCaller/]: Registering gui handlers...
[222月2026 15:52:09.521] [Render thread/INFO] [mezz.jei.library.load.PluginCaller/]: Registering gui handlers took 15.36 ms
[222月2026 15:52:09.529] [Render thread/INFO] [mezz.jei.library.load.PluginCaller/]: Registering Runtime...
[222月2026 15:52:09.533] [Render thread/INFO] [mezz.jei.gui.startup.JeiGuiStarter/]: Starting JEI GUI
[222月2026 15:52:09.534] [Render thread/INFO] [mezz.jei.core.util.LoggedTimer/]: Building ingredient list...
[222月2026 15:52:09.590] [Render thread/INFO] [mezz.jei.core.util.LoggedTimer/]: Building ingredient list took 55.29 ms
[222月2026 15:52:09.591] [Render thread/INFO] [mezz.jei.core.util.LoggedTimer/]: Building ingredient filter...
[222月2026 15:52:09.647] [Render thread/INFO] [mezz.jei.gui.ingredients.IngredientFilter/]: Adding 1691 ingredients
[222月2026 15:52:10.145] [Render thread/INFO] [mezz.jei.gui.ingredients.IngredientFilter/]: Added 1691 ingredients
[222月2026 15:52:10.147] [Render thread/INFO] [mezz.jei.core.util.LoggedTimer/]: Building ingredient filter took 555.8 ms
[222月2026 15:52:10.257] [Render thread/INFO] [mezz.jei.library.load.PluginCallerTimerRunnable/]: Registering Runtime: jei:neoforge_gui took 727.0 milliseconds
[222月2026 15:52:10.258] [Render thread/INFO] [mezz.jei.library.load.PluginCaller/]: Registering Runtime took 728.5 ms
[222月2026 15:52:10.259] [Render thread/INFO] [mezz.jei.core.util.LoggedTimer/]: Building runtime took 761.6 ms
[222月2026 15:52:10.259] [Render thread/INFO] [mezz.jei.library.load.PluginCaller/]: Sending Runtime...
[222月2026 15:52:10.262] [Render thread/INFO] [mezz.jei.library.load.PluginCaller/]: Sending Runtime took 1.976 ms
[222月2026 15:52:10.262] [Render thread/INFO] [mezz.jei.core.util.LoggedTimer/]: Starting JEI took 1.639 s
[222月2026 15:52:10.297] [Render thread/INFO] [FTB Library/]: config has been updated! server = false - clear any cached data etc. here
[222月2026 15:52:10.298] [Render thread/INFO] [FTB Library/]: received server config settings for config: ftblibrary-server
[222月2026 15:52:10.311] [Render thread/INFO] [net.minecraft.client.gui.components.ChatComponent/]: [System] [CHAT] Hello from FTB Library!
[222月2026 15:52:10.377] [Render thread/INFO] [snownee.jade.Jade/]: Received config from the server: 
[222月2026 15:52:10.382] [Render thread/INFO] [net.minecraft.advancements.AdvancementTree/]: Loaded 2 advancements
[222月2026 15:55:08.147] [Render thread/INFO] [net.minecraft.client.gui.components.ChatComponent/]: [System] [CHAT] 未知的队伍“q”
[222月2026 15:55:20.902] [Render thread/INFO] [net.minecraft.client.gui.components.ChatComponent/]: [System] [CHAT] Dev has invited you to join their party!
[222月2026 15:55:20.904] [Render thread/INFO] [net.minecraft.client.gui.components.ChatComponent/]: [System] [CHAT] [Accept ✔] [Decline ✘]
[222月2026 15:55:25.637] [Render thread/INFO] [net.minecraft.client.gui.components.ChatComponent/]: [System] [CHAT] <System @q> DevPlayer2 has joined your party!
[222月2026 15:55:35.449] [Render thread/INFO] [net.minecraft.client.Minecraft/]: Stopping!
[222月2026 15:55:35.455] [Render thread/INFO] [mezz.jei.neoforge.startup.StartEventObserver/]: JEI StartEventObserver received class net.neoforged.neoforge.client.event.ClientPlayerNetworkEvent$LoggingOut
[222月2026 15:55:35.455] [Render thread/INFO] [mezz.jei.neoforge.startup.StartEventObserver/]: JEI StartEventObserver transitioning state from JEI_STARTED to LISTENING
[222月2026 15:55:35.456] [Render thread/INFO] [mezz.jei.library.startup.JeiStarter/]: Stopping JEI
[222月2026 15:55:35.456] [Render thread/INFO] [mezz.jei.library.load.PluginCaller/]: Sending Runtime Unavailable...
[222月2026 15:55:35.458] [Render thread/INFO] [mezz.jei.neoforge.plugins.neoforge.NeoForgeGuiPlugin/]: Stopping JEI GUI
[222月2026 15:55:35.464] [Render thread/INFO] [mezz.jei.library.load.PluginCaller/]: Sending Runtime Unavailable took 7.940 ms
